Vercel CLI 50.22.1
Retrieving projectΓÇª
Deploying bbridgeers-projects/vehicle-analyzer
Uploading [--------------------] (0.0B/341.1KB)
Uploading [=====---------------] (85.4KB/341.1KB)
Uploading [==========----------] (181.4KB/341.1KB)
Uploading [===============-----] (261.4KB/341.1KB)
Uploading [====================] (341.1KB/341.1KB)
Inspect: https://vercel.com/bbridgeers-projects/vehicle-analyzer/FMz5fgNWUPTCXCquws7zM7EJ7cGs [2s]
Production: https://vehicle-analyzer-nnx8p3vjd-bbridgeers-projects.vercel.app [2s]
Building...
Building...
Building: Running build in Washington, D.C., USA (East) ΓÇô iad1 (Turbo Build Machine)
Building: Build machine configuration: 30 cores, 60 GB
Building: Retrieving list of deployment files...
Building: Skipping build cache, deployment was triggered without cache.
Building: Downloading 130 deployment files...
Building: Running "vercel build"
Building: Vercel CLI 50.22.0
Building: Installing dependencies...
Building: npm warn ERESOLVE overriding peer dependency
Building: npm warn While resolving: eslint-plugin-import@2.32.0
Building: npm warn Found: eslint@10.0.0
Building: npm warn node_modules/eslint
Building: npm warn   dev eslint@"^10.0.0" from the root project
Building: npm warn   8 more (@eslint-community/eslint-utils, ...)
Building: npm warn
Building: npm warn Could not resolve dependency:
Building: npm warn peer eslint@"^2 || ^3 || ^4 || ^5 || ^6 || ^7.2.0 || ^8 || ^9" from eslint-plugin-import@2.32.0
Building: npm warn node_modules/eslint-plugin-import
Building: npm warn   eslint-plugin-import@"^2.32.0" from eslint-config-next@16.1.6
Building: npm warn   node_modules/eslint-config-next
Building: npm warn   1 more (eslint-import-resolver-typescript)
Building: npm warn
Building: npm warn Conflicting peer dependency: eslint@9.39.3
Building: npm warn node_modules/eslint
Building: npm warn   peer eslint@"^2 || ^3 || ^4 || ^5 || ^6 || ^7.2.0 || ^8 || ^9" from eslint-plugin-import@2.32.0
Building: npm warn   node_modules/eslint-plugin-import
Building: npm warn     eslint-plugin-import@"^2.32.0" from eslint-config-next@16.1.6
Building: npm warn     node_modules/eslint-config-next
Building: npm warn     1 more (eslint-import-resolver-typescript)
Building: npm warn ERESOLVE overriding peer dependency
Building: npm warn While resolving: eslint-plugin-jsx-a11y@6.10.2
Building: npm warn Found: eslint@10.0.0
Building: npm warn node_modules/eslint
Building: npm warn   dev eslint@"^10.0.0" from the root project
Building: npm warn   8 more (@eslint-community/eslint-utils, ...)
Building: npm warn
Building: npm warn Could not resolve dependency:
Building: npm warn peer eslint@"^3 || ^4 || ^5 || ^6 || ^7 || ^8 || ^9" from eslint-plugin-jsx-a11y@6.10.2
Building: npm warn node_modules/eslint-plugin-jsx-a11y
Building: npm warn   eslint-plugin-jsx-a11y@"^6.10.0" from eslint-config-next@16.1.6
Building: npm warn   node_modules/eslint-config-next
Building: npm warn
Building: npm warn Conflicting peer dependency: eslint@9.39.3
Building: npm warn node_modules/eslint
Building: npm warn   peer eslint@"^3 || ^4 || ^5 || ^6 || ^7 || ^8 || ^9" from eslint-plugin-jsx-a11y@6.10.2
Building: npm warn   node_modules/eslint-plugin-jsx-a11y
Building: npm warn     eslint-plugin-jsx-a11y@"^6.10.0" from eslint-config-next@16.1.6
Building: npm warn     node_modules/eslint-config-next
Building: npm warn ERESOLVE overriding peer dependency
Building: npm warn While resolving: eslint-plugin-react@7.37.5
Building: npm warn Found: eslint@10.0.0
Building: npm warn node_modules/eslint
Building: npm warn   dev eslint@"^10.0.0" from the root project
Building: npm warn   8 more (@eslint-community/eslint-utils, ...)
Building: npm warn
Building: npm warn Could not resolve dependency:
Building: npm warn peer eslint@"^3 || ^4 || ^5 || ^6 || ^7 || ^8 || ^9.7" from eslint-plugin-react@7.37.5
Building: npm warn node_modules/eslint-plugin-react
Building: npm warn   eslint-plugin-react@"^7.37.0" from eslint-config-next@16.1.6
Building: npm warn   node_modules/eslint-config-next
Building: npm warn
Building: npm warn Conflicting peer dependency: eslint@9.39.3
Building: npm warn node_modules/eslint
Building: npm warn   peer eslint@"^3 || ^4 || ^5 || ^6 || ^7 || ^8 || ^9.7" from eslint-plugin-react@7.37.5
Building: npm warn   node_modules/eslint-plugin-react
Building: npm warn     eslint-plugin-react@"^7.37.0" from eslint-config-next@16.1.6
Building: npm warn     node_modules/eslint-config-next
Building: npm warn ERESOLVE overriding peer dependency
Building: npm warn While resolving: eslint-plugin-react-hooks@7.0.1
Building: npm warn Found: eslint@10.0.0
Building: npm warn node_modules/eslint
Building: npm warn   dev eslint@"^10.0.0" from the root project
Building: npm warn   8 more (@eslint-community/eslint-utils, ...)
Building: npm warn
Building: npm warn Could not resolve dependency:
Building: npm warn peer eslint@"^3.0.0 || ^4.0.0 || ^5.0.0 || ^6.0.0 || ^7.0.0 || ^8.0.0-0 || ^9.0.0" from eslint-plugin-react-hooks@7.0.1
Building: npm warn node_modules/eslint-plugin-react-hooks
Building: npm warn   eslint-plugin-react-hooks@"^7.0.0" from eslint-config-next@16.1.6
Building: npm warn   node_modules/eslint-config-next
Building: npm warn
Building: npm warn Conflicting peer dependency: eslint@9.39.3
Building: npm warn node_modules/eslint
Building: npm warn   peer eslint@"^3.0.0 || ^4.0.0 || ^5.0.0 || ^6.0.0 || ^7.0.0 || ^8.0.0-0 || ^9.0.0" from eslint-plugin-react-hooks@7.0.1
Building: npm warn   node_modules/eslint-plugin-react-hooks
Building: npm warn     eslint-plugin-react-hooks@"^7.0.0" from eslint-config-next@16.1.6
Building: npm warn     node_modules/eslint-config-next
Building: npm warn deprecated whatwg-encoding@3.1.1: Use @exodus/bytes instead for a more spec-conformant and faster implementation
Building: npm warn deprecated rimraf@3.0.2: Rimraf versions prior to v4 are no longer supported
Building: npm warn deprecated inflight@1.0.6: This module is not supported, and leaks memory. Do not use it. Check out lru-cache if you want a good and tested way to coalesce async requests by a key value, which is much more comprehensive and powerful.
Building: npm warn deprecated glob@7.2.3: Old versions of glob are not supported, and contain widely publicized security vulnerabilities, which have been fixed in the current version. Please update. Support for old versions may be purchased (at exorbitant rates) by contacting i@izs.me
