Vercel CLI 50.22.1
Retrieving projectΓÇª
Deploying bbridgeers-projects/vehicle-analyzer
Uploading [--------------------] (0.0B/6.4KB)
Uploading [====================] (6.4KB/6.4KB)
Inspect: https://vercel.com/bbridgeers-projects/vehicle-analyzer/EDJY5faeWTKxKViGHikxdyz7gryG [2s]
Production: https://vehicle-analyzer-738yi7zar-bbridgeers-projects.vercel.app [2s]
Building...
Building...
Building: Running build in Washington, D.C., USA (East) ΓÇô iad1 (Turbo Build Machine)
Building: Build machine configuration: 30 cores, 60 GB
Building: Retrieving list of deployment files...
Building: Downloading 131 deployment files...
Building: Restored build cache from previous deployment (FMz5fgNWUPTCXCquws7zM7EJ7cGs)
Building: Running "vercel build"
Building: Vercel CLI 50.22.0
Building: Installing dependencies...
Building: npm warn ERESOLVE overriding peer dependency
Building: npm warn While resolving: eslint-plugin-import@2.32.0
Building: npm warn Found: eslint@10.0.0
Building: npm warn node_modules/eslint
Building: npm warn   dev eslint@"^10.0.0" from the root project
Building: npm warn   8 more (@eslint-community/eslint-utils, ...)
Building: npm warn
Building: npm warn Could not resolve dependency:
Building: npm warn peer eslint@"^2 || ^3 || ^4 || ^5 || ^6 || ^7.2.0 || ^8 || ^9" from eslint-plugin-import@2.32.0
Building: npm warn node_modules/eslint-plugin-import
Building: npm warn   eslint-plugin-import@"^2.32.0" from eslint-config-next@16.1.6
Building: npm warn   node_modules/eslint-config-next
Building: npm warn   1 more (eslint-import-resolver-typescript)
Building: npm warn
Building: npm warn Conflicting peer dependency: eslint@9.39.3
Building: npm warn node_modules/eslint
Building: npm warn   peer eslint@"^2 || ^3 || ^4 || ^5 || ^6 || ^7.2.0 || ^8 || ^9" from eslint-plugin-import@2.32.0
Building: npm warn   node_modules/eslint-plugin-import
Building: npm warn     eslint-plugin-import@"^2.32.0" from eslint-config-next@16.1.6
Building: npm warn     node_modules/eslint-config-next
Building: npm warn     1 more (eslint-import-resolver-typescript)
Building: npm warn ERESOLVE overriding peer dependency
Building: npm warn While resolving: eslint-plugin-jsx-a11y@6.10.2
Building: npm warn Found: eslint@10.0.0
Building: npm warn node_modules/eslint
Building: npm warn   dev eslint@"^10.0.0" from the root project
Building: npm warn   8 more (@eslint-community/eslint-utils, ...)
Building: npm warn
Building: npm warn Could not resolve dependency:
Building: npm warn peer eslint@"^3 || ^4 || ^5 || ^6 || ^7 || ^8 || ^9" from eslint-plugin-jsx-a11y@6.10.2
Building: npm warn node_modules/eslint-plugin-jsx-a11y
Building: npm warn   eslint-plugin-jsx-a11y@"^6.10.0" from eslint-config-next@16.1.6
Building: npm warn   node_modules/eslint-config-next
Building: npm warn
Building: npm warn Conflicting peer dependency: eslint@9.39.3
Building: npm warn node_modules/eslint
Building: npm warn   peer eslint@"^3 || ^4 || ^5 || ^6 || ^7 || ^8 || ^9" from eslint-plugin-jsx-a11y@6.10.2
Building: npm warn   node_modules/eslint-plugin-jsx-a11y
Building: npm warn     eslint-plugin-jsx-a11y@"^6.10.0" from eslint-config-next@16.1.6
Building: npm warn     node_modules/eslint-config-next
Building: npm warn ERESOLVE overriding peer dependency
Building: npm warn While resolving: eslint-plugin-react@7.37.5
Building: npm warn Found: eslint@10.0.0
Building: npm warn node_modules/eslint
Building: npm warn   dev eslint@"^10.0.0" from the root project
Building: npm warn   8 more (@eslint-community/eslint-utils, ...)
Building: npm warn
Building: npm warn Could not resolve dependency:
Building: npm warn peer eslint@"^3 || ^4 || ^5 || ^6 || ^7 || ^8 || ^9.7" from eslint-plugin-react@7.37.5
Building: npm warn node_modules/eslint-plugin-react
Building: npm warn   eslint-plugin-react@"^7.37.0" from eslint-config-next@16.1.6
Building: npm warn   node_modules/eslint-config-next
Building: npm warn
Building: npm warn Conflicting peer dependency: eslint@9.39.3
Building: npm warn node_modules/eslint
Building: npm warn   peer eslint@"^3 || ^4 || ^5 || ^6 || ^7 || ^8 || ^9.7" from eslint-plugin-react@7.37.5
Building: npm warn   node_modules/eslint-plugin-react
Building: npm warn     eslint-plugin-react@"^7.37.0" from eslint-config-next@16.1.6
Building: npm warn     node_modules/eslint-config-next
Building: npm warn ERESOLVE overriding peer dependency
Building: npm warn While resolving: eslint-plugin-react-hooks@7.0.1
Building: npm warn Found: eslint@10.0.0
Building: npm warn node_modules/eslint
Building: npm warn   dev eslint@"^10.0.0" from the root project
Building: npm warn   8 more (@eslint-community/eslint-utils, ...)
Building: npm warn
Building: npm warn Could not resolve dependency:
Building: npm warn peer eslint@"^3.0.0 || ^4.0.0 || ^5.0.0 || ^6.0.0 || ^7.0.0 || ^8.0.0-0 || ^9.0.0" from eslint-plugin-react-hooks@7.0.1
Building: npm warn node_modules/eslint-plugin-react-hooks
Building: npm warn   eslint-plugin-react-hooks@"^7.0.0" from eslint-config-next@16.1.6
Building: npm warn   node_modules/eslint-config-next
Building: npm warn
Building: npm warn Conflicting peer dependency: eslint@9.39.3
Building: npm warn node_modules/eslint
Building: npm warn   peer eslint@"^3.0.0 || ^4.0.0 || ^5.0.0 || ^6.0.0 || ^7.0.0 || ^8.0.0-0 || ^9.0.0" from eslint-plugin-react-hooks@7.0.1
Building: npm warn   node_modules/eslint-plugin-react-hooks
Building: npm warn     eslint-plugin-react-hooks@"^7.0.0" from eslint-config-next@16.1.6
Building: npm warn     node_modules/eslint-config-next
Building: up to date in 1s
Building: 161 packages are looking for funding
Building: run `npm fund` for details
Building: Detected Next.js version: 15.5.12
Building: Running "next build"
Building: Γû▓ Next.js 15.5.12
Building: Creating an optimized production build ...
Building: Γ£ô Compiled successfully in 2.6s
Building: Linting and checking validity of types ...
Building: Collecting page data ...
Building: Generating static pages (0/7) ...
Building: Generating static pages (1/7)
Building: Generating static pages (3/7)
Building: Generating static pages (5/7)
Building: Γ£ô Generating static pages (7/7)
Building: Finalizing page optimization ...
Building: Collecting build traces ...
Building: Route (app)                                 Size  First Load JS
Building: Γöî Γùï /                                    46.5 kB         149 kB
Building: Γö£ Γùï /_not-found                            994 B         103 kB
Building: Γö£ Γùï /agent-form                          1.67 kB         104 kB
Building: Γö£ ╞Æ /api/extract-listing                   129 B         102 kB
Building: Γö£ ╞Æ /api/import-url                        129 B         102 kB
Building: Γöö ╞Æ /api/vin                               129 B         102 kB
Building: + First Load JS shared by all             102 kB
Building: Γö£ chunks/255-0f8d74f460e503ec.js       46.1 kB
Building: Γö£ chunks/4bd1b696-c023c6e3521b1417.js  54.2 kB
Building: Γöö other shared chunks (total)           1.9 kB
Building: Γùï  (Static)   prerendered as static content
Building: ╞Æ  (Dynamic)  server-rendered on demand
Building: Traced Next.js server files in: 28.281ms
Building: Created all serverless functions in: 396.035ms
Building: Collected static files (public/, static/, .next/static): 2.55ms
Building: Build Completed in /vercel/output [17s]
Building: Deploying outputs...
[2K[1A[2K[GProduction: https://vehicle-analyzer-738yi7zar-bbridgeers-projects.vercel.app [33s]
Completing...
Aliased: https://vehicle-analyzer.vercel.app [33s]
https://vehicle-analyzer-738yi7zar-bbridgeers-projects.vercel.app
